InnoDB: using atomic writes.
2021-01-12  4:19:23 0 [Note] InnoDB: Mutexes and rw_locks use Windows interlocked functions
2021-01-12  4:19:23 0 [Note] InnoDB: Uses event mutexes
2021-01-12  4:19:23 0 [Note] InnoDB: Compressed tables use zlib 1.2.11
2021-01-12  4:19:23 0 [Note] InnoDB: Number of pools: 1
2021-01-12  4:19:23 0 [Note] InnoDB: Using SSE2 crc32 instructions
2021-01-12  4:19:23 0 [Note] InnoDB: Initializing buffer pool, total size = 16M, instances = 1, chunk size = 16M
2021-01-12  4:19:23 0 [Note] InnoDB: Completed initialization of buffer pool
2021-01-12  4:19:23 0 [Note] InnoDB: Starting crash recovery from checkpoint LSN=300288
2021-01-12  4:19:23 0 [Note] InnoDB: 128 out of 128 rollback segments are active.
2021-01-12  4:19:23 0 [Note] InnoDB: Removed temporary tablespace data file: "ibtmp1"
2021-01-12  4:19:23 0 [Note] InnoDB: Creating shared tablespace for temporary tables
2021-01-12  4:19:23 0 [Note] InnoDB: Setting file 'C:\xampp\mysql\data\ibtmp1' size to 12 MB. Physically writing the file full; Please wait ...
2021-01-12  4:19:23 0 [Note] InnoDB: File 'C:\xampp\mysql\data\ibtmp1' size is now 12 MB.
2021-01-12  4:19:23 0 [Note] InnoDB: Waiting for purge to start
2021-01-12  4:19:23 0 [Note] InnoDB: 10.4.17 started; log sequence number 300297; transaction id 170
2021-01-12  4:19:23 0 [Note] InnoDB: Loading buffer pool(s) from C:\xampp\mysql\data\ib_buffer_pool
2021-01-12  4:19:23 0 [Note] Plugin 'FEEDBACK' is disabled.
2021-01-12  4:19:23 0 [Note] Server socket created on IP: '::'.
2021-01-12  4:19:23 0 [Note] InnoDB: Buffer pool(s) load completed at 210112  4:19:23
InnoDB: using atomic writes.
2021-01-12 18:07:40 0 [Note] InnoDB: Mutexes and rw_locks use Windows interlocked functions
2021-01-12 18:07:40 0 [Note] InnoDB: Uses event mutexes
2021-01-12 18:07:40 0 [Note] InnoDB: Compressed tables use zlib 1.2.11
2021-01-12 18:07:40 0 [Note] InnoDB: Number of pools: 1
2021-01-12 18:07:40 0 [Note] InnoDB: Using SSE2 crc32 instructions
2021-01-12 18:07:40 0 [Note] InnoDB: Initializing buffer pool, total size = 16M, instances = 1, chunk size = 16M
2021-01-12 18:07:40 0 [Note] InnoDB: Completed initialization of buffer pool
2021-01-12 18:07:40 0 [Note] InnoDB: Starting crash recovery from checkpoint LSN=4609783
2021-01-12 18:07:40 0 [Note] InnoDB: 128 out of 128 rollback segments are active.
2021-01-12 18:07:40 0 [Note] InnoDB: Removed temporary tablespace data file: "ibtmp1"
2021-01-12 18:07:40 0 [Note] InnoDB: Creating shared tablespace for temporary tables
2021-01-12 18:07:40 0 [Note] InnoDB: Setting file 'C:\xampp\mysql\data\ibtmp1' size to 12 MB. Physically writing the file full; Please wait ...
2021-01-12 18:07:40 0 [Note] InnoDB: File 'C:\xampp\mysql\data\ibtmp1' size is now 12 MB.
2021-01-12 18:07:40 0 [Note] InnoDB: Waiting for purge to start
2021-01-12 18:07:40 0 [Note] InnoDB: 10.4.17 started; log sequence number 4609792; transaction id 2633
2021-01-12 18:07:40 0 [Note] InnoDB: Loading buffer pool(s) from C:\xampp\mysql\data\ib_buffer_pool
2021-01-12 18:07:40 0 [Note] Plugin 'FEEDBACK' is disabled.
2021-01-12 18:07:40 0 [Note] InnoDB: Buffer pool(s) load completed at 210112 18:07:40
2021-01-12 18:07:40 0 [Note] Server socket created on IP: '::'.
InnoDB: using atomic writes.
2021-01-12 19:24:25 0 [Note] InnoDB: Mutexes and rw_locks use Windows interlocked functions
2021-01-12 19:24:25 0 [Note] InnoDB: Uses event mutexes
2021-01-12 19:24:25 0 [Note] InnoDB: Compressed tables use zlib 1.2.11
2021-01-12 19:24:25 0 [Note] InnoDB: Number of pools: 1
2021-01-12 19:24:25 0 [Note] InnoDB: Using SSE2 crc32 instructions
2021-01-12 19:24:25 0 [Note] InnoDB: Initializing buffer pool, total size = 16M, instances = 1, chunk size = 16M
2021-01-12 19:24:25 0 [Note] InnoDB: Completed initialization of buffer pool
2021-01-12 19:24:25 0 [Note] InnoDB: Starting crash recovery from checkpoint LSN=8580855
2021-01-12 19:24:25 0 [Note] InnoDB: 128 out of 128 rollback segments are active.
2021-01-12 19:24:25 0 [Note] InnoDB: Removed temporary tablespace data file: "ibtmp1"
2021-01-12 19:24:25 0 [Note] InnoDB: Creating shared tablespace for temporary tables
2021-01-12 19:24:25 0 [Note] InnoDB: Setting file 'C:\xampp\mysql\data\ibtmp1' size to 12 MB. Physically writing the file full; Please wait ...
2021-01-12 19:24:25 0 [Note] InnoDB: File 'C:\xampp\mysql\data\ibtmp1' size is now 12 MB.
2021-01-12 19:24:25 0 [Note] InnoDB: Waiting for purge to start
2021-01-12 19:24:26 0 [Note] InnoDB: 10.4.17 started; log sequence number 8580864; transaction id 7605
2021-01-12 19:24:26 0 [Note] InnoDB: Loading buffer pool(s) from C:\xampp\mysql\data\ib_buffer_pool
2021-01-12 19:24:26 0 [Note] Plugin 'FEEDBACK' is disabled.
2021-01-12 19:24:26 0 [Note] Server socket created on IP: '::'.
2021-01-12 19:24:26 0 [Note] InnoDB: Buffer pool(s) load completed at 210112 19:24:26
InnoDB: using atomic writes.
2021-01-12 22:39:24 0 [Note] InnoDB: Mutexes and rw_locks use Windows interlocked functions
2021-01-12 22:39:24 0 [Note] InnoDB: Uses event mutexes
2021-01-12 22:39:24 0 [Note] InnoDB: Compressed tables use zlib 1.2.11
2021-01-12 22:39:24 0 [Note] InnoDB: Number of pools: 1
2021-01-12 22:39:24 0 [Note] InnoDB: Using SSE2 crc32 instructions
2021-01-12 22:39:24 0 [Note] InnoDB: Initializing buffer pool, total size = 16M, instances = 1, chunk size = 16M
2021-01-12 22:39:24 0 [Note] InnoDB: Completed initialization of buffer pool
2021-01-12 22:39:24 0 [Note] InnoDB: Starting crash recovery from checkpoint LSN=15242820
2021-01-12 22:39:24 0 [Note] InnoDB: 128 out of 128 rollback segments are active.
2021-01-12 22:39:24 0 [Note] InnoDB: Removed temporary tablespace data file: "ibtmp1"
2021-01-12 22:39:24 0 [Note] InnoDB: Creating shared tablespace for temporary tables
2021-01-12 22:39:24 0 [Note] InnoDB: Setting file 'C:\xampp\mysql\data\ibtmp1' size to 12 MB. Physically writing the file full; Please wait ...
2021-01-12 22:39:24 0 [Note] InnoDB: File 'C:\xampp\mysql\data\ibtmp1' size is now 12 MB.
2021-01-12 22:39:24 0 [Note] InnoDB: Waiting for purge to start
2021-01-12 22:39:24 0 [Note] InnoDB: 10.4.17 started; log sequence number 15242829; transaction id 12652
2021-01-12 22:39:24 0 [Note] InnoDB: Loading buffer pool(s) from C:\xampp\mysql\data\ib_buffer_pool
2021-01-12 22:39:24 0 [Note] Plugin 'FEEDBACK' is disabled.
2021-01-12 22:39:24 0 [Note] InnoDB: Buffer pool(s) load completed at 210112 22:39:24
2021-01-12 22:39:24 0 [Note] Server socket created on IP: '::'.
InnoDB: using atomic writes.
2021-01-13  9:45:27 0 [Note] InnoDB: Mutexes and rw_locks use Windows interlocked functions
2021-01-13  9:45:27 0 [Note] InnoDB: Uses event mutexes
2021-01-13  9:45:27 0 [Note] InnoDB: Compressed tables use zlib 1.2.11
2021-01-13  9:45:27 0 [Note] InnoDB: Number of pools: 1
2021-01-13  9:45:27 0 [Note] InnoDB: Using SSE2 crc32 instructions
2021-01-13  9:45:27 0 [Note] InnoDB: Initializing buffer pool, total size = 16M, instances = 1, chunk size = 16M
2021-01-13  9:45:27 0 [Note] InnoDB: Completed initialization of buffer pool
2021-01-13  9:45:27 0 [Note] InnoDB: Starting crash recovery from checkpoint LSN=15514029
2021-01-13  9:45:27 0 [Note] InnoDB: 128 out of 128 rollback segments are active.
2021-01-13  9:45:27 0 [Note] InnoDB: Removed temporary tablespace data file: "ibtmp1"
2021-01-13  9:45:27 0 [Note] InnoDB: Creating shared tablespace for temporary tables
2021-01-13  9:45:27 0 [Note] InnoDB: Setting file 'C:\xampp\mysql\data\ibtmp1' size to 12 MB. Physically writing the file full; Please wait ...
2021-01-13  9:45:27 0 [Note] InnoDB: File 'C:\xampp\mysql\data\ibtmp1' size is now 12 MB.
2021-01-13  9:45:27 0 [Note] InnoDB: Waiting for purge to start
2021-01-13  9:45:28 0 [Note] InnoDB: 10.4.17 started; log sequence number 15514038; transaction id 12876
2021-01-13  9:45:28 0 [Note] InnoDB: Loading buffer pool(s) from C:\xampp\mysql\data\ib_buffer_pool
2021-01-13  9:45:28 0 [Note] Plugin 'FEEDBACK' is disabled.
2021-01-13  9:45:28 0 [Note] InnoDB: Buffer pool(s) load completed at 210113  9:45:28
2021-01-13  9:45:28 0 [Note] Server socket created on IP: '::'.
